<?xml version="1.0" encoding="UTF-8" ?>
<testsuite tests="9" failures="0" name="bbum.CalculatorTest" time="0.012" errors="0" skipped="0">
  <properties>
[...]
</properties>
  <testcase classname="bbum.CalculatorTest" name="multFloatTest" time="0.009"/>
  <testcase classname="bbum.CalculatorTest" name="nullTest" time="0"/>
  <testcase classname="bbum.CalculatorTest" name="plusTest" time="0"/>
  <testcase classname="bbum.CalculatorTest" name="divFloatTest" time="0"/>
  <testcase classname="bbum.CalculatorTest" name="emptyStringTest" time="0.001"/>
  <testcase classname="bbum.CalculatorTest" name="multTest" time="0"/>
  <testcase classname="bbum.CalculatorTest" name="minusTest" time="0.001"/>
  <testcase classname="bbum.CalculatorTest" name="divTest" time="0"/>
  <testcase classname="bbum.CalculatorTest" name="notSupportedActionTest" time="0.001"/>
</testsuite>